{"/Users/mariano/Documents/Isdi_proyectos/3week-challenges/day1/src/Characters.ts": {"path":"/Users/mariano/Documents/Isdi_proyectos/3week-challenges/day1/src/Characters.ts","statementMap":{"0":{"start":{"line":12,"column":21},"end":{"line":12,"column":33}},"1":{"start":{"line":12,"column":42},"end":{"line":12,"column":56}},"2":{"start":{"line":12,"column":65},"end":{"line":12,"column":76}},"3":{"start":{"line":13,"column":4},"end":{"line":13,"column":21}},"4":{"start":{"line":14,"column":4},"end":{"line":14,"column":25}},"5":{"start":{"line":15,"column":4},"end":{"line":15,"column":19}},"6":{"start":{"line":16,"column":4},"end":{"line":16,"column":23}},"7":{"start":{"line":17,"column":4},"end":{"line":17,"column":35}},"8":{"start":{"line":21,"column":4},"end":{"line":21,"column":24}},"9":{"start":{"line":9,"column":0},"end":{"line":9,"column":13}}},"fnMap":{"0":{"name":"(anonymous_0)","decl":{"start":{"line":12,"column":2},"end":{"line":12,"column":21}},"loc":{"start":{"line":12,"column":76},"end":{"line":18,"column":3}}},"1":{"name":"(anonymous_1)","decl":{"start":{"line":20,"column":2},"end":{"line":20,"column":6}},"loc":{"start":{"line":20,"column":6},"end":{"line":22,"column":3}}}},"branchMap":{},"s":{"0":3,"1":3,"2":3,"3":3,"4":3,"5":3,"6":3,"7":3,"8":1,"9":2},"f":{"0":3,"1":1},"b":{}}
,"/Users/mariano/Documents/Isdi_proyectos/3week-challenges/day1/src/KingCharacter.ts": {"path":"/Users/mariano/Documents/Isdi_proyectos/3week-challenges/day1/src/KingCharacter.ts","statementMap":{"0":{"start":{"line":1,"column":0},"end":{"line":1,"column":42}},"1":{"start":{"line":10,"column":4},"end":{"line":10,"column":29}},"2":{"start":{"line":5,"column":11},"end":{"line":5,"column":23}},"3":{"start":{"line":6,"column":11},"end":{"line":6,"column":25}},"4":{"start":{"line":7,"column":11},"end":{"line":7,"column":22}},"5":{"start":{"line":8,"column":11},"end":{"line":8,"column":30}},"6":{"start":{"line":11,"column":4},"end":{"line":11,"column":35}},"7":{"start":{"line":15,"column":16},"end":{"line":15,"column":42}},"8":{"start":{"line":16,"column":16},"end":{"line":16,"column":46}},"9":{"start":{"line":17,"column":4},"end":{"line":17,"column":25}},"10":{"start":{"line":21,"column":4},"end":{"line":21,"column":17}},"11":{"start":{"line":22,"column":4},"end":{"line":22,"column":24}},"12":{"start":{"line":3,"column":0},"end":{"line":3,"column":13}}},"fnMap":{"0":{"name":"(anonymous_0)","decl":{"start":{"line":4,"column":2},"end":{"line":4,"column":null}},"loc":{"start":{"line":8,"column":30},"end":{"line":12,"column":3}}},"1":{"name":"(anonymous_1)","decl":{"start":{"line":14,"column":2},"end":{"line":14,"column":10}},"loc":{"start":{"line":14,"column":10},"end":{"line":18,"column":3}}},"2":{"name":"(anonymous_2)","decl":{"start":{"line":20,"column":2},"end":{"line":20,"column":6}},"loc":{"start":{"line":20,"column":6},"end":{"line":23,"column":3}}}},"branchMap":{},"s":{"0":1,"1":1,"2":1,"3":1,"4":1,"5":1,"6":1,"7":0,"8":0,"9":0,"10":0,"11":0,"12":1},"f":{"0":1,"1":0,"2":0},"b":{}}
}
